<?xml version="1.0" encoding="UTF-8"?>
<!-- Generated by org.testng.reporters.JUnitXMLReporter -->
<testsuite hostname="Win10-PC" ignored="0" name="Test" tests="2" failures="1" timestamp="2019-10-28T12:43:55 GMT" time="50.566" errors="0">
  <testcase name="feature" time="25.317" classname="cucumber.api.testng.AbstractTestNGCucumberTests"/>
  <testcase name="feature" time="24.689" classname="cucumber.api.testng.AbstractTestNGCucumberTests">
    <failure type="cucumber.runtime.CucumberException" message="java.lang.AssertionError: expected [2.0] but found [1.0]">
      <![CDATA[cucumber.runtime.CucumberException: java.lang.AssertionError: expected [2.0] but found [1.0]
at cucumber.api.testng.TestNGCucumberRunner.runCucumber(TestNGCucumberRunner.java:69)
at cucumber.api.testng.AbstractTestNGCucumberTests.feature(AbstractTestNGCucumberTests.java:21)
at java.util.ArrayList.forEach(ArrayList.java:1249)
Caused by: java.lang.AssertionError: expected [2.0] but found [1.0]
at steps.SearchCarsSteps.the_page_version_should_be(SearchCarsSteps.java:95)
at âœ½.And the page version should be "2.0"(SearchUsedCars.feature:19)
... Removed 35 stack frames]]>
    </failure>
  </testcase> <!-- feature -->
</testsuite> <!-- Test -->
